In file included from ../ext/bson.cc:14:
/root/.node-gyp/6.2.1/include/node/v8.h:341: error: expected unqualified-id before 'using'
/root/.node-gyp/6.2.1/include/node/v8.h: In constructor 'v8::MaybeLocal<T>::MaybeLocal()':
/root/.node-gyp/6.2.1/include/node/v8.h:358: error: 'nullptr' was not declared in this scope
/root/.node-gyp/6.2.1/include/node/v8.h: In member function 'bool v8::MaybeLocal<T>::IsEmpty() const':
/root/.node-gyp/6.2.1/include/node/v8.h:365: error: 'nullptr' was not declared in this scope
/root/.node-gyp/6.2.1/include/node/v8.h: In member function 'bool v8::MaybeLocal<T>::ToLocal(v8::Local<S>*) const':
/root/.node-gyp/6.2.1/include/node/v8.h:369: error: 'nullptr' was not declared in this scope
/root/.node-gyp/6.2.1/include/node/v8.h: In member function 'bool v8::WeakCallbackInfo<T>::IsFirstPass() const':
/root/.node-gyp/6.2.1/include/node/v8.h:437: error: 'nullptr' was not declared in this scope
/root/.node-gyp/6.2.1/include/node/v8.h: At global scope:
/root/.node-gyp/6.2.1/include/node/v8.h:477: error: expected unqualified-id before 'using'
/root/.node-gyp/6.2.1/include/node/v8.h: In constructor 'v8::Global<T>::Global()':
/root/.node-gyp/6.2.1/include/node/v8.h:809: error: 'nullptr' was not declared in this scope
/root/.node-gyp/6.2.1/include/node/v8.h: In constructor 'v8::Global<T>::Global(v8::Global<T>&&)':
/root/.node-gyp/6.2.1/include/node/v8.h:834: error: 'nullptr' was not declared in this scope
/root/.node-gyp/6.2.1/include/node/v8.h: In member function 'v8::Global<T>& v8::Global<T>::operator=(v8::Global<S>&&)':
/root/.node-gyp/6.2.1/include/node/v8.h:846: error: 'nullptr' was not declared in this scope
/root/.node-gyp/6.2.1/include/node/v8.h: At global scope:
/root/.node-gyp/6.2.1/include/node/v8.h:871: error: expected unqualified-id before 'using'
/root/.node-gyp/6.2.1/include/node/v8.h:1108: error: 'nullptr' was not declared in this scope
/root/.node-gyp/6.2.1/include/node/v8.h:1114: error: 'nullptr' was not declared in this scope
/root/.node-gyp/6.2.1/include/node/v8.h: In member function 'v8::MaybeLocal<v8::Object> v8::Function::NewInstance(v8::Local<v8::Context>) const':
/root/.node-gyp/6.2.1/include/node/v8.h:3246: error: 'nullptr' was not declared in this scope
/root/.node-gyp/6.2.1/include/node/v8.h: At global scope:
/root/.node-gyp/6.2.1/include/node/v8.h:4463: error: 'nullptr' was not declared in this scope
/root/.node-gyp/6.2.1/include/node/v8.h:4479: error: 'nullptr' was not declared in this scope
/root/.node-gyp/6.2.1/include/node/v8.h: In member function 'v8::Local<T> v8::MaybeLocal<T>::ToLocalChecked()':
/root/.node-gyp/6.2.1/include/node/v8.h:7348: error: 'nullptr' was not declared in this scope
In file included from ../../nan/nan.h:82,
                 from ../ext/bson.h:17,
                 from ../ext/bson.cc:36:
../../nan/nan_new.h: At global scope:
../../nan/nan_new.h:24: error: template declaration of 'v8::Local<T> NanIntern::To'
../../nan/nan_new.h:24: error: 'Handle' is not a member of 'v8'
../../nan/nan_new.h:24: error: expected primary-expression before '>' token
../../nan/nan_new.h:24: error: 'i' was not declared in this scope
../../nan/nan_new.h:29: error: expected initializer before '<' token
../../nan/nan_new.h:34: error: expected initializer before '<' token
../../nan/nan_new.h:39: error: expected initializer before '<' token
../../nan/nan_new.h:66: error: 'v8::Handle' has not been declared
../../nan/nan_new.h:66: error: expected ',' or '...' before '<' token
../../nan/nan_new.h:65: error: default argument missing for parameter 2 of 'static v8::Local<v8::Context> NanIntern::Factory<v8::Context>::New(v8::ExtensionConfiguration*, int)'
../../nan/nan_new.h:85: error: 'v8::Handle' has not been declared
../../nan/nan_new.h:85: error: expected ',' or '...' before '<' token
../../nan/nan_new.h:93: error: 'v8::Handle' has not been declared
../../nan/nan_new.h:93: error: expected ',' or '...' before '<' token
../../nan/nan_new.h:92: error: default argument missing for parameter 2 of 'static v8::Local<v8::FunctionTemplate> NanIntern::Factory<v8::FunctionTemplate>::New(void (*)(const v8::FunctionCallbackInfo<v8::Value>&), int)'
../../nan/nan_new.h:139: error: 'v8::Handle' has not been declared
../../nan/nan_new.h:139: error: expected ',' or '...' before '<' token
../../nan/nan_new.h:151: error: ISO C++ forbids declaration of 'Handle' with no type
../../nan/nan_new.h:151: error: typedef name may not be a nested-name-specifier
../../nan/nan_new.h:151: error: expected ';' before '<' token
../../nan/nan_new.h:152: error: 'FTH' has not been declared
../../nan/nan_new.h:152: error: 'FTH' was not declared in this scope
../../nan/nan_new.h:171: error: 'v8::Handle' has not been declared
../../nan/nan_new.h:171: error: expected ',' or '...' before '<' token
In file included from ../../nan/nan_new.h:189,
                 from ../../nan/nan.h:82,
                 from ../ext/bson.h:17,
                 from ../ext/bson.cc:36:
../../nan/nan_implementation_12_inl.h:56: error: 'v8::Handle' has not been declared
../../nan/nan_implementation_12_inl.h:56: error: expected ',' or '...' before '<' token
../../nan/nan_implementation_12_inl.h: In static member function 'static v8::Local<v8::Context> NanIntern::Factory<v8::Context>::New(v8::ExtensionConfiguration*, int)':
../../nan/nan_implementation_12_inl.h:58: error: 'tmpl' was not declared in this scope
../../nan/nan_implementation_12_inl.h:58: error: 'obj' was not declared in this scope
../../nan/nan_implementation_12_inl.h: At global scope:
../../nan/nan_implementation_12_inl.h:79: error: 'v8::Handle' has not been declared
../../nan/nan_implementation_12_inl.h:79: error: expected ',' or '...' before '<' token
../../nan/nan_implementation_12_inl.h: In static member function 'static v8::Local<v8::Function> NanIntern::Factory<v8::Function>::New(void (*)(const v8::FunctionCallbackInfo<v8::Value>&), int)':
../../nan/nan_implementation_12_inl.h:82: error: 'data' was not declared in this scope
../../nan/nan_implementation_12_inl.h: At global scope:
../../nan/nan_implementation_12_inl.h:89: error: 'v8::Handle' has not been declared
../../nan/nan_implementation_12_inl.h:89: error: expected ',' or '...' before '<' token
../../nan/nan_implementation_12_inl.h: In static member function 'static v8::Local<v8::FunctionTemplate> NanIntern::Factory<v8::FunctionTemplate>::New(void (*)(const v8::FunctionCallbackInfo<v8::Value>&), int)':
../../nan/nan_implementation_12_inl.h:93: error: 'data' was not declared in this scope
../../nan/nan_implementation_12_inl.h:94: error: 'signature' was not declared in this scope
../../nan/nan_implementation_12_inl.h: In static member function 'static typename NanIntern::IntegerFactory<T>::return_t NanIntern::IntegerFactory<T>::New(int32_t)':
../../nan/nan_implementation_12_inl.h:117: error: 'To' was not declared in this scope
../../nan/nan_implementation_12_inl.h:117: error: expected primary-expression before '>' token
../../nan/nan_implementation_12_inl.h: In static member function 'static typename NanIntern::IntegerFactory<T>::return_t NanIntern::IntegerFactory<T>::New(uint32_t)':
../../nan/nan_implementation_12_inl.h:123: error: 'To' was not declared in this scope
../../nan/nan_implementation_12_inl.h:123: error: expected primary-expression before '>' token
../../nan/nan_implementation_12_inl.h: In static member function 'static v8::Local<v8::Uint32> NanIntern::Factory<v8::Uint32>::New(int32_t)':
../../nan/nan_implementation_12_inl.h:128: error: 'To' was not declared in this scope
../../nan/nan_implementation_12_inl.h:128: error: expected primary-expression before '>' token
../../nan/nan_implementation_12_inl.h: In static member function 'static v8::Local<v8::Uint32> NanIntern::Factory<v8::Uint32>::New(uint32_t)':
../../nan/nan_implementation_12_inl.h:134: error: 'To' was not declared in this scope
../../nan/nan_implementation_12_inl.h:134: error: expected primary-expression before '>' token
../../nan/nan_implementation_12_inl.h: At global scope:
../../nan/nan_implementation_12_inl.h:156: error: 'v8::Local<v8::RegExp> NanIntern::Factory<v8::RegExp>::New' is not a static member of 'struct NanIntern::Factory<v8::RegExp>'
../../nan/nan_implementation_12_inl.h:156: error: 'Handle' is not a member of 'v8'
../../nan/nan_implementation_12_inl.h:156: error: expected primary-expression before '>' token
../../nan/nan_implementation_12_inl.h:156: error: 'pattern' was not declared in this scope
../../nan/nan_implementation_12_inl.h:157: error: expected primary-expression before 'flags'
../../nan/nan_implementation_12_inl.h:157: error: expected ',' or ';' before '{' token
../../nan/nan_implementation_12_inl.h:179: error: 'v8::Local<v8::Signature> NanIntern::Factory<v8::Signature>::New' is not a static member of 'struct NanIntern::Factory<v8::Signature>'
../../nan/nan_implementation_12_inl.h:179: error: 'FTH' is not a member of 'NanIntern::Factory<v8::Signature>'
../../nan/nan_implementation_12_inl.h:179: error: expected ',' or ';' before '{' token
../../nan/nan_implementation_12_inl.h:228: error: 'v8::Local<v8::StringObject> NanIntern::Factory<v8::StringObject>::New' is not a static member of 'struct NanIntern::Factory<v8::StringObject>'
../../nan/nan_implementation_12_inl.h:228: error: 'Handle' is not a member of 'v8'
../../nan/nan_implementation_12_inl.h:228: error: expected primary-expression before '>' token
../../nan/nan_implementation_12_inl.h:228: error: 'value' was not declared in this scope
../../nan/nan_implementation_12_inl.h:228: error: expected ',' or ';' before '{' token
../../nan/nan_implementation_12_inl.h:252: error: 'NanNew' declared as an 'inline' variable
../../nan/nan_implementation_12_inl.h:252: error: template declaration of 'v8::Local<T> NanNew'
../../nan/nan_implementation_12_inl.h:252: error: 'Handle' is not a member of 'v8'
../../nan/nan_implementation_12_inl.h:252: error: expected primary-expression before '>' token
../../nan/nan_implementation_12_inl.h:252: error: 'h' was not declared in this scope
In file included from ../../nan/nan.h:82,
                 from ../ext/bson.h:17,
                 from ../ext/bson.cc:36:
../../nan/nan_new.h:238: error: 'v8::Handle' has not been declared
../../nan/nan_new.h:238: error: expected ',' or '...' before '<' token
../../nan/nan_new.h: In function 'typename NanIntern::Factory<T>::return_t NanNew(void (*)(const v8::FunctionCallbackInfo<v8::Value>&), int)':
../../nan/nan_new.h:239: error: 'data' was not declared in this scope
../../nan/nan_new.h: At global scope:
../../nan/nan_new.h:246: error: 'v8::Handle' has not been declared
../../nan/nan_new.h:246: error: expected ',' or '...' before '<' token
../../nan/nan_new.h: In function 'typename NanIntern::Factory<T>::return_t NanNew(void (*)(const v8::FunctionCallbackInfo<v8::Value>&), int)':
../../nan/nan_new.h:248: error: 'data' was not declared in this scope
../../nan/nan_new.h:248: error: 'a2' was not declared in this scope
../../nan/nan_new.h: At global scope:
../../nan/nan_new.h:253: error: 'NanNew' declared as an 'inline' variable
../../nan/nan_new.h:253: error: template declaration of 'v8::Local<T> NanNew'
../../nan/nan_new.h:253: error: 'Handle' is not a member of 'v8'
../../nan/nan_new.h:253: error: expected primary-expression before '>' token
../../nan/nan_new.h:253: error: 'h' was not declared in this scope
../../nan/nan_new.h:324: error: 'NanNew' declared as an 'inline' variable
../../nan/nan_new.h:324: error: 'v8::Local<v8::RegExp> NanNew' redeclared as different kind of symbol
../../nan/nan_new.h:318: error: previous declaration of 'v8::Local<v8::String> NanNew(NanExternalOneByteStringResource*)'
../../nan/nan_new.h:324: error: 'Handle' is not a member of 'v8'
../../nan/nan_new.h:324: error: expected primary-expression before '>' token
../../nan/nan_new.h:324: error: 'pattern' was not declared in this scope
../../nan/nan_new.h:324: error: expected primary-expression before 'flags'
In file included from ../ext/bson.h:17,
                 from ../ext/bson.cc:36:
../../nan/nan.h:220: error: 'v8::Handle' has not been declared
../../nan/nan.h:220: error: expected ',' or '...' before '<' token
../../nan/nan.h: In function 'bool NanBooleanOptionValue(v8::Local<v8::Object>, int)':
../../nan/nan.h:222: error: 'def' was not declared in this scope
../../nan/nan.h:224: error: 'opt' was not declared in this scope
../../nan/nan.h:228: error: 'opt' was not declared in this scope
../../nan/nan.h: At global scope:
../../nan/nan.h:235: error: 'v8::Handle' has not been declared
../../nan/nan.h:235: error: expected ',' or '...' before '<' token
../../nan/nan.h: In function 'bool NanBooleanOptionValue(v8::Local<v8::Object>, int)':
../../nan/nan.h:233: error: redefinition of 'bool NanBooleanOptionValue(v8::Local<v8::Object>, int)'
../../nan/nan.h:218: error: 'bool NanBooleanOptionValue(v8::Local<v8::Object>, int)' previously defined here
../../nan/nan.h:237: error: 'opt' was not declared in this scope
../../nan/nan.h: At global scope:
../../nan/nan.h:242: error: 'v8::Handle' has not been declared
../../nan/nan.h:242: error: expected ',' or '...' before '<' token
../../nan/nan.h: In function 'uint32_t NanUInt32OptionValue(v8::Local<v8::Object>, int)':
../../nan/nan.h:246: error: 'opt' was not declared in this scope
../../nan/nan.h:249: error: 'def' was not declared in this scope
../../nan/nan.h: At global scope:
../../nan/nan.h:253: error: template declaration of 'v8::Local<T> NanNew'
../../nan/nan.h:253: error: 'Handle' is not a member of 'v8'
../../nan/nan.h:253: error: expected primary-expression before '>' token
../../nan/nan.h:253: error: expected primary-expression before ')' token
../../nan/nan.h:256: error: '_NanEnsureLocal' declared as an 'inline' variable
../../nan/nan.h:256: warning: 'always_inline' attribute ignored
../../nan/nan.h:256: error: template declaration of 'v8::Local<T> _NanEnsureLocal'
../../nan/nan.h:256: error: 'Handle' is not a member of 'v8'
../../nan/nan.h:256: error: expected primary-expression before '>' token
../../nan/nan.h:256: error: 'val' was not declared in this scope
../../nan/nan.h: In function 'v8::Local<v8::Primitive> NanUndefined()':
../../nan/nan.h:414: error: no matching function for call to 'NanNew(v8::Local<v8::Primitive>)'
../../nan/nan_new.h:258: note: candidates are: v8::Local<v8::Boolean> NanNew(bool)
../../nan/nan_new.h:264: note:                 v8::Local<v8::Int32> NanNew(int32_t)
../../nan/nan_new.h:270: note:                 v8::Local<v8::Uint32> NanNew(uint32_t)
../../nan/nan_new.h:276: note:                 v8::Local<v8::Number> NanNew(double)
../../nan/nan_new.h:282: note:                 v8::Local<v8::String> NanNew(const std::string&)
../../nan/nan_new.h:288: note:                 v8::Local<v8::String> NanNew(const char*, int)
../../nan/nan_new.h:294: note:                 v8::Local<v8::String> NanNew(const char*)
../../nan/nan_new.h:300: note:                 v8::Local<v8::String> NanNew(const uint8_t*)
../../nan/nan_new.h:306: note:                 v8::Local<v8::String> NanNew(const uint16_t*)
../../nan/nan_new.h:312: note:                 v8::Local<v8::String> NanNew(v8::String::ExternalStringResource*)
../../nan/nan_new.h:318: note:                 v8::Local<v8::String> NanNew(NanExternalOneByteStringResource*)
../../nan/nan.h: In function 'v8::Local<v8::Primitive> NanNull()':
../../nan/nan.h:419: error: no matching function for call to 'NanNew(v8::Local<v8::Primitive>)'
../../nan/nan_new.h:258: note: candidates are: v8::Local<v8::Boolean> NanNew(bool)
../../nan/nan_new.h:264: note:                 v8::Local<v8::Int32> NanNew(int32_t)
../../nan/nan_new.h:270: note:                 v8::Local<v8::Uint32> NanNew(uint32_t)
../../nan/nan_new.h:276: note:                 v8::Local<v8::Number> NanNew(double)
../../nan/nan_new.h:282: note:                 v8::Local<v8::String> NanNew(const std::string&)
../../nan/nan_new.h:288: note:                 v8::Local<v8::String> NanNew(const char*, int)
../../nan/nan_new.h:294: note:                 v8::Local<v8::String> NanNew(const char*)
../../nan/nan_new.h:300: note:                 v8::Local<v8::String> NanNew(const uint8_t*)
../../nan/nan_new.h:306: note:                 v8::Local<v8::String> NanNew(const uint16_t*)
../../nan/nan_new.h:312: note:                 v8::Local<v8::String> NanNew(v8::String::ExternalStringResource*)
../../nan/nan_new.h:318: note:                 v8::Local<v8::String> NanNew(NanExternalOneByteStringResource*)
../../nan/nan.h: In function 'v8::Local<v8::Boolean> NanTrue()':
../../nan/nan.h:424: error: no matching function for call to 'NanNew(v8::Local<v8::Boolean>)'
../../nan/nan_new.h:258: note: candidates are: v8::Local<v8::Boolean> NanNew(bool)
../../nan/nan_new.h:264: note:                 v8::Local<v8::Int32> NanNew(int32_t)
../../nan/nan_new.h:270: note:                 v8::Local<v8::Uint32> NanNew(uint32_t)
../../nan/nan_new.h:276: note:                 v8::Local<v8::Number> NanNew(double)
../../nan/nan_new.h:282: note:                 v8::Local<v8::String> NanNew(const std::string&)
../../nan/nan_new.h:288: note:                 v8::Local<v8::String> NanNew(const char*, int)
../../nan/nan_new.h:294: note:                 v8::Local<v8::String> NanNew(const char*)
../../nan/nan_new.h:300: note:                 v8::Local<v8::String> NanNew(const uint8_t*)
../../nan/nan_new.h:306: note:                 v8::Local<v8::String> NanNew(const uint16_t*)
../../nan/nan_new.h:312: note:                 v8::Local<v8::String> NanNew(v8::String::ExternalStringResource*)
../../nan/nan_new.h:318: note:                 v8::Local<v8::String> NanNew(NanExternalOneByteStringResource*)
../../nan/nan.h: In function 'v8::Local<v8::Boolean> NanFalse()':
../../nan/nan.h:429: error: no matching function for call to 'NanNew(v8::Local<v8::Boolean>)'
../../nan/nan_new.h:258: note: candidates are: v8::Local<v8::Boolean> NanNew(bool)
../../nan/nan_new.h:264: note:                 v8::Local<v8::Int32> NanNew(int32_t)
../../nan/nan_new.h:270: note:                 v8::Local<v8::Uint32> NanNew(uint32_t)
../../nan/nan_new.h:276: note:                 v8::Local<v8::Number> NanNew(double)
../../nan/nan_new.h:282: note:                 v8::Local<v8::String> NanNew(const std::string&)
../../nan/nan_new.h:288: note:                 v8::Local<v8::String> NanNew(const char*, int)
../../nan/nan_new.h:294: note:                 v8::Local<v8::String> NanNew(const char*)
../../nan/nan_new.h:300: note:                 v8::Local<v8::String> NanNew(const uint8_t*)
../../nan/nan_new.h:306: note:                 v8::Local<v8::String> NanNew(const uint16_t*)
../../nan/nan_new.h:312: note:                 v8::Local<v8::String> NanNew(v8::String::ExternalStringResource*)
../../nan/nan_new.h:318: note:                 v8::Local<v8::String> NanNew(NanExternalOneByteStringResource*)
../../nan/nan.h: At global scope:
../../nan/nan.h:438: error: variable or field 'NanSetTemplate' declared void
../../nan/nan.h:438: error: 'Handle' is not a member of 'v8'
../../nan/nan.h:438: error: expected primary-expression before '>' token
../../nan/nan.h:438: error: 'templ' was not declared in this scope
../../nan/nan.h:439: error: expected primary-expression before 'const'
../../nan/nan.h:440: error: 'Handle' is not a member of 'v8'
../../nan/nan.h:440: error: expected primary-expression before '>' token
../../nan/nan.h:440: error: 'value' was not declared in this scope
../../nan/nan.h:445: error: variable or field 'NanSetTemplate' declared void
../../nan/nan.h:445: error: 'Handle' is not a member of 'v8'
../../nan/nan.h:445: error: expected primary-expression before '>' token
../../nan/nan.h:445: error: 'templ' was not declared in this scope
../../nan/nan.h:446: error: 'Handle' is not a member of 'v8'
../../nan/nan.h:446: error: expected primary-expression before '>' token
../../nan/nan.h:446: error: 'name' was not declared in this scope
../../nan/nan.h:447: error: 'Handle' is not a member of 'v8'
../../nan/nan.h:447: error: expected primary-expression before '>' token
../../nan/nan.h:447: error: 'value' was not declared in this scope
../../nan/nan.h:448: error: expected primary-expression before 'attributes'
../../nan/nan.h:457: error: 'NanGetInternalFieldPointer' declared as an 'inline' variable
../../nan/nan.h:457: warning: 'always_inline' attribute ignored
../../nan/nan.h:457: error: 'Handle' is not a member of 'v8'
../../nan/nan.h:457: error: expected primary-expression before '>' token
../../nan/nan.h:457: error: 'object' was not declared in this scope
../../nan/nan.h:458: error: expected primary-expression before 'int'
../../nan/nan.h:458: error: initializer expression list treated as compound expression
../../nan/nan.h:458: error: expected ',' or ';' before '{' token
../../nan/nan.h:463: error: variable or field 'NanSetInternalFieldPointer' declared void
../../nan/nan.h:463: error: 'Handle' is not a member of 'v8'
../../nan/nan.h:463: error: expected primary-expression before '>' token
../../nan/nan.h:463: error: 'object' was not declared in this scope
../../nan/nan.h:464: error: expected primary-expression before 'int'
../../nan/nan.h:465: error: expected primary-expression before 'void'
../../nan/nan.h:473: error: variable or field 'NanAddGCEpilogueCallback' declared void
../../nan/nan.h:473: error: 'GCEpilogueCallback' is not a member of 'v8::Isolate'
../../nan/nan.h:474: error: expected primary-expression before 'gc_type_filter'
../../nan/nan.h:479: error: variable or field 'NanRemoveGCEpilogueCallback' declared void
../../nan/nan.h:479: error: 'GCEpilogueCallback' is not a member of 'v8::Isolate'
../../nan/nan.h:484: error: variable or field 'NanAddGCPrologueCallback' declared void
../../nan/nan.h:484: error: 'GCPrologueCallback' is not a member of 'v8::Isolate'
../../nan/nan.h:485: error: expected primary-expression before 'gc_type_filter'
../../nan/nan.h:490: error: variable or field 'NanRemoveGCPrologueCallback' declared void
../../nan/nan.h:490: error: 'GCPrologueCallback' is not a member of 'v8::Isolate'
../../nan/nan.h:507: error: 'v8::Handle' has not been declared
../../nan/nan.h:507: error: expected ',' or '...' before '<' token
../../nan/nan.h: In function 'void NanAssignPersistent(v8::Persistent<T, v8::NonCopyablePersistentTraits<T> >&, int)':
../../nan/nan.h:508: error: 'obj' was not declared in this scope
../../nan/nan.h: At global scope:
../../nan/nan.h:524: error: expected ')' before '<' token
../../nan/nan.h:585: error: 'NanMakeWeakPersistent' declared as an 'inline' variable
../../nan/nan.h:585: warning: 'always_inline' attribute ignored
../../nan/nan.h:585: error: template declaration of '_NanWeakCallbackInfo<T, P>* NanMakeWeakPersistent'
../../nan/nan.h:585: error: 'Handle' is not a member of 'v8'
../../nan/nan.h:585: error: expected primary-expression before '>' token
../../nan/nan.h:585: error: 'handle' was not declared in this scope
../../nan/nan.h:586: error: expected primary-expression before '*' token
../../nan/nan.h:586: error: 'parameter' was not declared in this scope
../../nan/nan.h:587: error: expected '(' before 'callback'
../../nan/nan.h:614: error: variable or field 'NanThrowError' declared void
../../nan/nan.h:614: error: 'Handle' is not a member of 'v8'
../../nan/nan.h:614: error: expected primary-expression before '>' token
../../nan/nan.h:614: error: 'error' was not declared in this scope
../../nan/nan.h: In function 'void NanThrowError(const char*, int)':
../../nan/nan.h:633: error: no matching function for call to 'NanThrowError(v8::Local<v8::Value>)'
../../nan/nan.h:610: note: candidates are: void NanThrowError(const char*)
../../nan/nan.h:629: note:                 void NanThrowError(const char*, int)
../../nan/nan.h: At global scope:
../../nan/nan.h:661: error: 'node::smalloc' has not been declared
../../nan/nan.h:661: error: expected ',' or '...' before 'callback'
../../nan/nan.h: In function 'v8::Local<v8::Object> NanNewBufferHandle(char*, size_t, int)':
../../nan/nan.h:665: error: 'callback' was not declared in this scope
../../nan/nan.h:665: error: 'hint' was not declared in this scope
../../nan/nan.h: In function 'v8::Local<v8::Object> NanNewBufferHandle(const char*, uint32_t)':
../../nan/nan.h:672: error: invalid conversion from 'const char*' to 'char*'
../../nan/nan.h:672: error:   initializing argument 2 of 'v8::MaybeLocal<v8::Object> node::Buffer::New(v8::Isolate*, char*, size_t)'
../../nan/nan.h:672: error: conversion from 'v8::MaybeLocal<v8::Object>' to non-scalar type 'v8::Local<v8::Object>' requested
../../nan/nan.h: In function 'v8::Local<v8::Object> NanNewBufferHandle(uint32_t)':
../../nan/nan.h:676: error: conversion from 'v8::MaybeLocal<v8::Object>' to non-scalar type 'v8::Local<v8::Object>' requested
../../nan/nan.h: In function 'v8::Local<v8::Object> NanBufferUse(char*, uint32_t)':
../../nan/nan.h:683: error: 'Use' is not a member of 'node::Buffer'
../../nan/nan.h: At global scope:
../../nan/nan.h:688: error: 'v8::Handle' has not been declared
../../nan/nan.h:688: error: expected ',' or '...' before '<' token
../../nan/nan.h: In function 'bool NanHasInstance(const v8::Persistent<v8::FunctionTemplate, v8::NonCopyablePersistentTraits<v8::FunctionTemplate> >&, int)':
../../nan/nan.h:690: error: 'value' was not declared in this scope
../../nan/nan.h: At global scope:
../../nan/nan.h:695: error: 'v8::Handle' has not been declared
../../nan/nan.h:695: error: expected ',' or '...' before '<' token
../../nan/nan.h: In function 'v8::Local<v8::Context> NanNewContextHandle(v8::ExtensionConfiguration*, int)':
../../nan/nan.h:693: error: default argument missing for parameter 2 of 'v8::Local<v8::Context> NanNewContextHandle(v8::ExtensionConfiguration*, int)'
../../nan/nan.h:701: error: 'tmpl' was not declared in this scope
../../nan/nan.h:701: error: 'obj' was not declared in this scope
../../nan/nan.h: At global scope:
../../nan/nan.h:721: error: 'NanRunScript' declared as an 'inline' variable
../../nan/nan.h:721: warning: 'always_inline' attribute ignored
../../nan/nan.h:721: error: 'Handle' is not a member of 'v8'
../../nan/nan.h:721: error: expected primary-expression before '>' token
../../nan/nan.h:721: error: 'script' was not declared in this scope
../../nan/nan.h:722: error: expected ',' or ';' before '{' token
../../nan/nan.h:727: error: 'NanRunScript' declared as an 'inline' variable
../../nan/nan.h:727: warning: 'always_inline' attribute ignored
../../nan/nan.h:727: error: redefinition of 'v8::Local<v8::Value> NanRunScript'
../../nan/nan.h:721: error: 'v8::Local<v8::Value> NanRunScript' previously declared here
../../nan/nan.h:727: error: 'Handle' is not a member of 'v8'
../../nan/nan.h:727: error: expected primary-expression before '>' token
../../nan/nan.h:727: error: 'script' was not declared in this scope
../../nan/nan.h:733: error: 'NanMakeCallback' declared as an 'inline' variable
../../nan/nan.h:733: warning: 'always_inline' attribute ignored
../../nan/nan.h:733: error: 'Handle' is not a member of 'v8'
../../nan/nan.h:733: error: expected primary-expression before '>' token
../../nan/nan.h:733: error: 'target' was not declared in this scope
../../nan/nan.h:734: error: 'Handle' is not a member of 'v8'
../../nan/nan.h:734: error: expected primary-expression before '>' token
../../nan/nan.h:734: error: 'func' was not declared in this scope
../../nan/nan.h:735: error: expected primary-expression before 'int'
../../nan/nan.h:736: error: 'Handle' is not a member of 'v8'
../../nan/nan.h:736: error: expected primary-expression before '>' token
../../nan/nan.h:736: error: 'argv' was not declared in this scope
../../nan/nan.h:736: error: expected ',' or ';' before '{' token
../../nan/nan.h:742: error: 'NanMakeCallback' declared as an 'inline' variable
../../nan/nan.h:742: warning: 'always_inline' attribute ignored
../../nan/nan.h:742: error: redefinition of 'v8::Local<v8::Value> NanMakeCallback'
../../nan/nan.h:733: error: 'v8::Local<v8::Value> NanMakeCallback' previously declared here
../../nan/nan.h:742: error: 'Handle' is not a member of 'v8'
../../nan/nan.h:742: error: expected primary-expression before '>' token
../../nan/nan.h:742: error: 'target' was not declared in this scope
../../nan/nan.h:743: error: 'Handle' is not a member of 'v8'
../../nan/nan.h:743: error: expected primary-expression before '>' token
../../nan/nan.h:743: error: 'symbol' was not declared in this scope
../../nan/nan.h:744: error: expected primary-expression before 'int'
../../nan/nan.h:745: error: 'Handle' is not a member of 'v8'
../../nan/nan.h:745: error: expected primary-expression before '>' token
../../nan/nan.h:745: error: 'argv' was not declared in this scope
../../nan/nan.h:751: error: 'NanMakeCallback' declared as an 'inline' variable
../../nan/nan.h:751: warning: 'always_inline' attribute ignored
../../nan/nan.h:751: error: redefinition of 'v8::Local<v8::Value> NanMakeCallback'
../../nan/nan.h:733: error: 'v8::Local<v8::Value> NanMakeCallback' previously declared here
../../nan/nan.h:751: error: 'Handle' is not a member of 'v8'
../../nan/nan.h:751: error: expected primary-expression before '>' token
../../nan/nan.h:751: error: 'target' was not declared in this scope
../../nan/nan.h:752: error: expected primary-expression before 'const'
../../nan/nan.h:753: error: expected primary-expression before 'int'
../../nan/nan.h:754: error: 'Handle' is not a member of 'v8'
../../nan/nan.h:754: error: expected primary-expression before '>' token
../../nan/nan.h:754: error: 'argv' was not declared in this scope
../../nan/nan.h:776: error: expected ')' before '<' token
../../nan/nan.h:810: error: expected ')' before '<' token
../../nan/nan.h:843: error: expected ')' before '<' token
../../nan/nan.h:1484: error: expected unqualified-id before '<' token
../../nan/nan.h:1484: error: expected ')' before '<' token
../../nan/nan.h:1484: error: expected ';' before '<' token
../../nan/nan.h:1491: error: expected ';' before '~' token
../../nan/nan.h:1507: error: expected unqualified-id before '<' token
../../nan/nan.h:1507: error: expected ')' before '<' token
../../nan/nan.h:1507: error: expected ';' before '<' token
../../nan/nan.h:1512: error: expected ';' before 'inline'
../../nan/nan.h:1523: error: ISO C++ forbids declaration of 'Handle' with no type
../../nan/nan.h:1523: error: invalid use of '::'
../../nan/nan.h:1523: error: expected ';' before '<' token
../../nan/nan.h:1535: error: expected ';' before 'inline'
../../nan/nan.h:1535: error: ISO C++ forbids declaration of 'Handle' with no type
../../nan/nan.h:1535: error: invalid use of '::'
../../nan/nan.h:1535: error: expected ';' before '<' token
../../nan/nan.h:1545: error: expected ';' before 'private'
../../nan/nan.h:1550: error: ISO C++ forbids declaration of 'Handle' with no type
../../nan/nan.h:1550: error: invalid use of '::'
../../nan/nan.h:1550: error: expected ';' before '<' token
../../nan/nan.h:1588: error: expected ';' before '}' token
../../nan/nan.h: In constructor 'NanCallback::NanCallback()':
../../nan/nan.h:1481: error: no matching function for call to 'NanAssignPersistent(v8::Persistent<v8::Object, v8::NonCopyablePersistentTraits<v8::Object> >&, v8::Local<v8::Object>&)'
../../nan/nan.h: In constructor 'NanAsyncWorker::NanAsyncWorker(NanCallback*)':
../../nan/nan.h:1598: error: no matching function for call to 'NanAssignPersistent(v8::Persistent<v8::Object, v8::NonCopyablePersistentTraits<v8::Object> >&, v8::Local<v8::Object>&)'
../../nan/nan.h: In member function 'virtual void NanAsyncWorker::HandleOKCallback()':
../../nan/nan.h:1648: error: 'class NanCallback' has no member named 'Call'
../../nan/nan.h: In member function 'virtual void NanAsyncWorker::HandleErrorCallback()':
../../nan/nan.h:1657: error: 'class NanCallback' has no member named 'Call'
../../nan/nan.h: At global scope:
../../nan/nan.h:1957: error: 'Handle' is not a member of 'v8'
../../nan/nan.h:1957: error: expected primary-expression before '>' token
../../nan/nan.h:1957: error: 'val' was not declared in this scope
../../nan/nan.h:1958: error: expected primary-expression before 'const'
../../nan/nan.h:1959: error: expected primary-expression before '*' token
../../nan/nan.h:1959: error: 'len' was not declared in this scope
../../nan/nan.h:1960: error: initializer expression list treated as compound expression
../../nan/nan.h:1960: error: expected ',' or ';' before '{' token
../../nan/nan.h:1957: warning: '_NanGetExternalParts' defined but not used
make: *** [Release/obj.target/bson/ext/bson.o] Error 1
gyp ERR! build error 
gyp ERR! stack Error: `make` failed with exit code: 2
gyp ERR! stack     at ChildProcess.onExit (/usr/lib/node_modules/npm/node_modules/node-gyp/lib/build.js:276:23)
gyp ERR! stack     at emitTwo (events.js:106:13)
gyp ERR! stack     at ChildProcess.emit (events.js:191:7)
gyp ERR! stack     at Process.ChildProcess._handle.onexit (internal/child_process.js:204:12)
gyp ERR! System Linux 2.6.32-042stab111.12
gyp ERR! command "/usr/bin/node" "/usr/lib/node_modules/npm/node_modules/node-gyp/bin/node-gyp.js" "rebuild"
gyp ERR! cwd /backend/node_modules/bson
gyp ERR! node -v v6.2.1
gyp ERR! node-gyp -v v3.3.1
gyp ERR! not ok 
